--- xcodebuild: WARNING: Using the first of multiple matching destinations:
{ platform:iOS Simulator, id:1B90D04D-35B3-4474-8721-4FEA7A55EDBB, OS:17.0, name:iPhone 15 Pro }
{ platform:iOS Simulator, id:1B90D04D-35B3-4474-8721-4FEA7A55EDBB, OS:17.0, name:iPhone 15 Pro }
2023-11-29 19:32:50.213 xcodebuild[66788:26506034] [MT] DVTAssertions: Warning in /System/Volumes/Data/SWE/Apps/DT/BuildRoots/BuildRoot11/ActiveBuildRoot/Library/Caches/com.apple.xbs/Sources/IDEFrameworks/IDEFrameworks-22267/IDEFoundation/Provisioning/Capabilities Infrastructure/IDECapabilityQuerySelection.swift:103
Details:  createItemModels creation requirements should not create capability item model for a capability item model that already exists.
Function: createItemModels(for:itemModelSource:)
Thread:   <_NSMainThread: 0x14e804100>{number = 1, name = main}
Please file a bug at https://feedbackassistant.apple.com with this warning message and any useful information you can provide.
2023-11-29 19:32:50.213 xcodebuild[66788:26506034] [MT] DVTAssertions: Warning in /System/Volumes/Data/SWE/Apps/DT/BuildRoots/BuildRoot11/ActiveBuildRoot/Library/Caches/com.apple.xbs/Sources/IDEFrameworks/IDEFrameworks-22267/IDEFoundation/Provisioning/Capabilities Infrastructure/IDECapabilityQuerySelection.swift:103
Details:  createItemModels creation requirements should not create capability item model for a capability item model that already exists.
Function: createItemModels(for:itemModelSource:)
Thread:   <_NSMainThread: 0x14e804100>{number = 1, name = main}
Please file a bug at https://feedbackassistant.apple.com with this warning message and any useful information you can provide.
2023-11-29 19:32:50.213 xcodebuild[66788:26506034] [MT] DVTAssertions: Warning in /System/Volumes/Data/SWE/Apps/DT/BuildRoots/BuildRoot11/ActiveBuildRoot/Library/Caches/com.apple.xbs/Sources/IDEFrameworks/IDEFrameworks-22267/IDEFoundation/Provisioning/Capabilities Infrastructure/IDECapabilityQuerySelection.swift:103
Details:  createItemModels creation requirements should not create capability item model for a capability item model that already exists.
Function: createItemModels(for:itemModelSource:)
Thread:   <_NSMainThread: 0x14e804100>{number = 1, name = main}
Please file a bug at https://feedbackassistant.apple.com with this warning message and any useful information you can provide.
2023-11-29 19:32:50.213 xcodebuild[66788:26506034] [MT] DVTAssertions: Warning in /System/Volumes/Data/SWE/Apps/DT/BuildRoots/BuildRoot11/ActiveBuildRoot/Library/Caches/com.apple.xbs/Sources/IDEFrameworks/IDEFrameworks-22267/IDEFoundation/Provisioning/Capabilities Infrastructure/IDECapabilityQuerySelection.swift:103
Details:  createItemModels creation requirements should not create capability item model for a capability item model that already exists.
Function: createItemModels(for:itemModelSource:)
Thread:   <_NSMainThread: 0x14e804100>{number = 1, name = main}
Please file a bug at https://feedbackassistant.apple.com with this warning message and any useful information you can provide.
2023-11-29 19:32:50.213 xcodebuild[66788:26506034] [MT] DVTAssertions: Warning in /System/Volumes/Data/SWE/Apps/DT/BuildRoots/BuildRoot11/ActiveBuildRoot/Library/Caches/com.apple.xbs/Sources/IDEFrameworks/IDEFrameworks-22267/IDEFoundation/Provisioning/Capabilities Infrastructure/IDECapabilityQuerySelection.swift:103
Details:  createItemModels creation requirements should not create capability item model for a capability item model that already exists.
Function: createItemModels(for:itemModelSource:)
Thread:   <_NSMainThread: 0x14e804100>{number = 1, name = main}
Please file a bug at https://feedbackassistant.apple.com with this warning message and any useful information you can provide.
2023-11-29 19:32:50.213 xcodebuild[66788:26506034] [MT] DVTAssertions: Warning in /System/Volumes/Data/SWE/Apps/DT/BuildRoots/BuildRoot11/ActiveBuildRoot/Library/Caches/com.apple.xbs/Sources/IDEFrameworks/IDEFrameworks-22267/IDEFoundation/Provisioning/Capabilities Infrastructure/IDECapabilityQuerySelection.swift:103
Details:  createItemModels creation requirements should not create capability item model for a capability item model that already exists.
Function: createItemModels(for:itemModelSource:)
Thread:   <_NSMainThread: 0x14e804100>{number = 1, name = main}
Please file a bug at https://feedbackassistant.apple.com with this warning message and any useful information you can provide.
2023-11-29 19:32:50.213 xcodebuild[66788:26506034] [MT] DVTAssertions: Warning in /System/Volumes/Data/SWE/Apps/DT/BuildRoots/BuildRoot11/ActiveBuildRoot/Library/Caches/com.apple.xbs/Sources/IDEFrameworks/IDEFrameworks-22267/IDEFoundation/Provisioning/Capabilities Infrastructure/IDECapabilityQuerySelection.swift:103
Details:  createItemModels creation requirements should not create capability item model for a capability item model that already exists.
Function: createItemModels(for:itemModelSource:)
Thread:   <_NSMainThread: 0x14e804100>{number = 1, name = main}
Please file a bug at https://feedbackassistant.apple.com with this warning message and any useful information you can provide.
2023-11-29 19:32:50.213 xcodebuild[66788:26506034] [MT] DVTAssertions: Warning in /System/Volumes/Data/SWE/Apps/DT/BuildRoots/BuildRoot11/ActiveBuildRoot/Library/Caches/com.apple.xbs/Sources/IDEFrameworks/IDEFrameworks-22267/IDEFoundation/Provisioning/Capabilities Infrastructure/IDECapabilityQuerySelection.swift:103
Details:  createItemModels creation requirements should not create capability item model for a capability item model that already exists.
Function: createItemModels(for:itemModelSource:)
Thread:   <_NSMainThread: 0x14e804100>{number = 1, name = main}
Please file a bug at https://feedbackassistant.apple.com with this warning message and any useful information you can provide.
2023-11-29 19:32:50.213 xcodebuild[66788:26506034] [MT] DVTAssertions: Warning in /System/Volumes/Data/SWE/Apps/DT/BuildRoots/BuildRoot11/ActiveBuildRoot/Library/Caches/com.apple.xbs/Sources/IDEFrameworks/IDEFrameworks-22267/IDEFoundation/Provisioning/Capabilities Infrastructure/IDECapabilityQuerySelection.swift:103
Details:  createItemModels creation requirements should not create capability item model for a capability item model that already exists.
Function: createItemModels(for:itemModelSource:)
Thread:   <_NSMainThread: 0x14e804100>{number = 1, name = main}
Please file a bug at https://feedbackassistant.apple.com with this warning message and any useful information you can provide.
2023-11-29 19:32:50.213 xcodebuild[66788:26506034] [MT] DVTAssertions: Warning in /System/Volumes/Data/SWE/Apps/DT/BuildRoots/BuildRoot11/ActiveBuildRoot/Library/Caches/com.apple.xbs/Sources/IDEFrameworks/IDEFrameworks-22267/IDEFoundation/Provisioning/Capabilities Infrastructure/IDECapabilityQuerySelection.swift:103
Details:  createItemModels creation requirements should not create capability item model for a capability item model that already exists.
Function: createItemModels(for:itemModelSource:)
Thread:   <_NSMainThread: 0x14e804100>{number = 1, name = main}
Please file a bug at https://feedbackassistant.apple.com with this warning message and any useful information you can provide.
2023-11-29 19:32:50.213 xcodebuild[66788:26506034] [MT] DVTAssertions: Warning in /System/Volumes/Data/SWE/Apps/DT/BuildRoots/BuildRoot11/ActiveBuildRoot/Library/Caches/com.apple.xbs/Sources/IDEFrameworks/IDEFrameworks-22267/IDEFoundation/Provisioning/Capabilities Infrastructure/IDECapabilityQuerySelection.swift:103
Details:  createItemModels creation requirements should not create capability item model for a capability item model that already exists.
Function: createItemModels(for:itemModelSource:)
Thread:   <_NSMainThread: 0x14e804100>{number = 1, name = main}
Please file a bug at https://feedbackassistant.apple.com with this warning message and any useful information you can provide.
2023-11-29 19:32:50.213 xcodebuild[66788:26506034] [MT] DVTAssertions: Warning in /System/Volumes/Data/SWE/Apps/DT/BuildRoots/BuildRoot11/ActiveBuildRoot/Library/Caches/com.apple.xbs/Sources/IDEFrameworks/IDEFrameworks-22267/IDEFoundation/Provisioning/Capabilities Infrastructure/IDECapabilityQuerySelection.swift:103
Details:  createItemModels creation requirements should not create capability item model for a capability item model that already exists.
Function: createItemModels(for:itemModelSource:)
Thread:   <_NSMainThread: 0x14e804100>{number = 1, name = main}
Please file a bug at https://feedbackassistant.apple.com with this warning message and any useful information you can provide.
2023-11-29 19:32:50.214 xcodebuild[66788:26506034] [MT] DVTAssertions: Warning in /System/Volumes/Data/SWE/Apps/DT/BuildRoots/BuildRoot11/ActiveBuildRoot/Library/Caches/com.apple.xbs/Sources/IDEFrameworks/IDEFrameworks-22267/IDEFoundation/Provisioning/Capabilities Infrastructure/IDECapabilityQuerySelection.swift:103
Details:  createItemModels creation requirements should not create capability item model for a capability item model that already exists.
Function: createItemModels(for:itemModelSource:)
Thread:   <_NSMainThread: 0x14e804100>{number = 1, name = main}
Please file a bug at https://feedbackassistant.apple.com with this warning message and any useful information you can provide.
2023-11-29 19:32:50.214 xcodebuild[66788:26506034] [MT] DVTAssertions: Warning in /System/Volumes/Data/SWE/Apps/DT/BuildRoots/BuildRoot11/ActiveBuildRoot/Library/Caches/com.apple.xbs/Sources/IDEFrameworks/IDEFrameworks-22267/IDEFoundation/Provisioning/Capabilities Infrastructure/IDECapabilityQuerySelection.swift:103
Details:  createItemModels creation requirements should not create capability item model for a capability item model that already exists.
Function: createItemModels(for:itemModelSource:)
Thread:   <_NSMainThread: 0x14e804100>{number = 1, name = main}
Please file a bug at https://feedbackassistant.apple.com with this warning message and any useful information you can provide.
2023-11-29 19:32:50.214 xcodebuild[66788:26506034] [MT] DVTAssertions: Warning in /System/Volumes/Data/SWE/Apps/DT/BuildRoots/BuildRoot11/ActiveBuildRoot/Library/Caches/com.apple.xbs/Sources/IDEFrameworks/IDEFrameworks-22267/IDEFoundation/Provisioning/Capabilities Infrastructure/IDECapabilityQuerySelection.swift:103
Details:  createItemModels creation requirements should not create capability item model for a capability item model that already exists.
Function: createItemModels(for:itemModelSource:)
Thread:   <_NSMainThread: 0x14e804100>{number = 1, name = main}
Please file a bug at https://feedbackassistant.apple.com with this warning message and any useful information you can provide.
2023-11-29 19:32:50.214 xcodebuild[66788:26506034] [MT] DVTAssertions: Warning in /System/Volumes/Data/SWE/Apps/DT/BuildRoots/BuildRoot11/ActiveBuildRoot/Library/Caches/com.apple.xbs/Sources/IDEFrameworks/IDEFrameworks-22267/IDEFoundation/Provisioning/Capabilities Infrastructure/IDECapabilityQuerySelection.swift:103
Details:  createItemModels creation requirements should not create capability item model for a capability item model that already exists.
Function: createItemModels(for:itemModelSource:)
Thread:   <_NSMainThread: 0x14e804100>{number = 1, name = main}
Please file a bug at https://feedbackassistant.apple.com with this warning message and any useful information you can provide.
2023-11-29 19:32:50.214 xcodebuild[66788:26506034] [MT] DVTAssertions: Warning in /System/Volumes/Data/SWE/Apps/DT/BuildRoots/BuildRoot11/ActiveBuildRoot/Library/Caches/com.apple.xbs/Sources/IDEFrameworks/IDEFrameworks-22267/IDEFoundation/Provisioning/Capabilities Infrastructure/IDECapabilityQuerySelection.swift:103
Details:  createItemModels creation requirements should not create capability item model for a capability item model that already exists.
Function: createItemModels(for:itemModelSource:)
Thread:   <_NSMainThread: 0x14e804100>{number = 1, name = main}
Please file a bug at https://feedbackassistant.apple.com with this warning message and any useful information you can provide.
2023-11-29 19:32:50.214 xcodebuild[66788:26506034] [MT] DVTAssertions: Warning in /System/Volumes/Data/SWE/Apps/DT/BuildRoots/BuildRoot11/ActiveBuildRoot/Library/Caches/com.apple.xbs/Sources/IDEFrameworks/IDEFrameworks-22267/IDEFoundation/Provisioning/Capabilities Infrastructure/IDECapabilityQuerySelection.swift:103
Details:  createItemModels creation requirements should not create capability item model for a capability item model that already exists.
Function: createItemModels(for:itemModelSource:)
Thread:   <_NSMainThread: 0x14e804100>{number = 1, name = main}
Please file a bug at https://feedbackassistant.apple.com with this warning message and any useful information you can provide.
2023-11-29 19:32:50.214 xcodebuild[66788:26506034] [MT] DVTAssertions: Warning in /System/Volumes/Data/SWE/Apps/DT/BuildRoots/BuildRoot11/ActiveBuildRoot/Library/Caches/com.apple.xbs/Sources/IDEFrameworks/IDEFrameworks-22267/IDEFoundation/Provisioning/Capabilities Infrastructure/IDECapabilityQuerySelection.swift:103
Details:  createItemModels creation requirements should not create capability item model for a capability item model that already exists.
Function: createItemModels(for:itemModelSource:)
Thread:   <_NSMainThread: 0x14e804100>{number = 1, name = main}
Please file a bug at https://feedbackassistant.apple.com with this warning message and any useful information you can provide.
2023-11-29 19:32:50.214 xcodebuild[66788:26506034] [MT] DVTAssertions: Warning in /System/Volumes/Data/SWE/Apps/DT/BuildRoots/BuildRoot11/ActiveBuildRoot/Library/Caches/com.apple.xbs/Sources/IDEFrameworks/IDEFrameworks-22267/IDEFoundation/Provisioning/Capabilities Infrastructure/IDECapabilityQuerySelection.swift:103
Details:  createItemModels creation requirements should not create capability item model for a capability item model that already exists.
Function: createItemModels(for:itemModelSource:)
Thread:   <_NSMainThread: 0x14e804100>{number = 1, name = main}
Please file a bug at https://feedbackassistant.apple.com with this warning message and any useful information you can provide.
2023-11-29 19:32:50.214 xcodebuild[66788:26506034] [MT] DVTAssertions: Warning in /System/Volumes/Data/SWE/Apps/DT/BuildRoots/BuildRoot11/ActiveBuildRoot/Library/Caches/com.apple.xbs/Sources/IDEFrameworks/IDEFrameworks-22267/IDEFoundation/Provisioning/Capabilities Infrastructure/IDECapabilityQuerySelection.swift:103
Details:  createItemModels creation requirements should not create capability item model for a capability item model that already exists.
Function: createItemModels(for:itemModelSource:)
Thread:   <_NSMainThread: 0x14e804100>{number = 1, name = main}
Please file a bug at https://feedbackassistant.apple.com with this warning message and any useful information you can provide.
2023-11-29 19:32:50.214 xcodebuild[66788:26506034] [MT] DVTAssertions: Warning in /System/Volumes/Data/SWE/Apps/DT/BuildRoots/BuildRoot11/ActiveBuildRoot/Library/Caches/com.apple.xbs/Sources/IDEFrameworks/IDEFrameworks-22267/IDEFoundation/Provisioning/Capabilities Infrastructure/IDECapabilityQuerySelection.swift:103
Details:  createItemModels creation requirements should not create capability item model for a capability item model that already exists.
Function: createItemModels(for:itemModelSource:)
Thread:   <_NSMainThread: 0x14e804100>{number = 1, name = main}
Please file a bug at https://feedbackassistant.apple.com with this warning message and any useful information you can provide.
2023-11-29 19:32:50.214 xcodebuild[66788:26506034] [MT] DVTAssertions: Warning in /System/Volumes/Data/SWE/Apps/DT/BuildRoots/BuildRoot11/ActiveBuildRoot/Library/Caches/com.apple.xbs/Sources/IDEFrameworks/IDEFrameworks-22267/IDEFoundation/Provisioning/Capabilities Infrastructure/IDECapabilityQuerySelection.swift:103
Details:  createItemModels creation requirements should not create capability item model for a capability item model that already exists.
Function: createItemModels(for:itemModelSource:)
Thread:   <_NSMainThread: 0x14e804100>{number = 1, name = main}
Please file a bug at https://feedbackassistant.apple.com with this warning message and any useful information you can provide.
2023-11-29 19:32:50.214 xcodebuild[66788:26506034] [MT] DVTAssertions: Warning in /System/Volumes/Data/SWE/Apps/DT/BuildRoots/BuildRoot11/ActiveBuildRoot/Library/Caches/com.apple.xbs/Sources/IDEFrameworks/IDEFrameworks-22267/IDEFoundation/Provisioning/Capabilities Infrastructure/IDECapabilityQuerySelection.swift:103
Details:  createItemModels creation requirements should not create capability item model for a capability item model that already exists.
Function: createItemModels(for:itemModelSource:)
Thread:   <_NSMainThread: 0x14e804100>{number = 1, name = main}
Please file a bug at https://feedbackassistant.apple.com with this warning message and any useful information you can provide.
2023-11-29 19:32:50.214 xcodebuild[66788:26506034] [MT] DVTAssertions: Warning in /System/Volumes/Data/SWE/Apps/DT/BuildRoots/BuildRoot11/ActiveBuildRoot/Library/Caches/com.apple.xbs/Sources/IDEFrameworks/IDEFrameworks-22267/IDEFoundation/Provisioning/Capabilities Infrastructure/IDECapabilityQuerySelection.swift:103
Details:  createItemModels creation requirements should not create capability item model for a capability item model that already exists.
Function: createItemModels(for:itemModelSource:)
Thread:   <_NSMainThread: 0x14e804100>{number = 1, name = main}
Please file a bug at https://feedbackassistant.apple.com with this warning message and any useful information you can provide.
2023-11-29 19:32:50.214 xcodebuild[66788:26506034] [MT] DVTAssertions: Warning in /System/Volumes/Data/SWE/Apps/DT/BuildRoots/BuildRoot11/ActiveBuildRoot/Library/Caches/com.apple.xbs/Sources/IDEFrameworks/IDEFrameworks-22267/IDEFoundation/Provisioning/Capabilities Infrastructure/IDECapabilityQuerySelection.swift:103
Details:  createItemModels creation requirements should not create capability item model for a capability item model that already exists.
Function: createItemModels(for:itemModelSource:)
Thread:   <_NSMainThread: 0x14e804100>{number = 1, name = main}
Please file a bug at https://feedbackassistant.apple.com with this warning message and any useful information you can provide.
2023-11-29 19:32:50.214 xcodebuild[66788:26506034] [MT] DVTAssertions: Warning in /System/Volumes/Data/SWE/Apps/DT/BuildRoots/BuildRoot11/ActiveBuildRoot/Library/Caches/com.apple.xbs/Sources/IDEFrameworks/IDEFrameworks-22267/IDEFoundation/Provisioning/Capabilities Infrastructure/IDECapabilityQuerySelection.swift:103
Details:  createItemModels creation requirements should not create capability item model for a capability item model that already exists.
Function: createItemModels(for:itemModelSource:)
Thread:   <_NSMainThread: 0x14e804100>{number = 1, name = main}
Please file a bug at https://feedbackassistant.apple.com with this warning message and any useful information you can provide.
2023-11-29 19:32:50.214 xcodebuild[66788:26506034] [MT] DVTAssertions: Warning in /System/Volumes/Data/SWE/Apps/DT/BuildRoots/BuildRoot11/ActiveBuildRoot/Library/Caches/com.apple.xbs/Sources/IDEFrameworks/IDEFrameworks-22267/IDEFoundation/Provisioning/Capabilities Infrastructure/IDECapabilityQuerySelection.swift:103
Details:  createItemModels creation requirements should not create capability item model for a capability item model that already exists.
Function: createItemModels(for:itemModelSource:)
Thread:   <_NSMainThread: 0x14e804100>{number = 1, name = main}
Please file a bug at https://feedbackassistant.apple.com with this warning message and any useful information you can provide.
2023-11-29 19:32:50.214 xcodebuild[66788:26506034] [MT] DVTAssertions: Warning in /System/Volumes/Data/SWE/Apps/DT/BuildRoots/BuildRoot11/ActiveBuildRoot/Library/Caches/com.apple.xbs/Sources/IDEFrameworks/IDEFrameworks-22267/IDEFoundation/Provisioning/Capabilities Infrastructure/IDECapabilityQuerySelection.swift:103
Details:  createItemModels creation requirements should not create capability item model for a capability item model that already exists.
Function: createItemModels(for:itemModelSource:)
Thread:   <_NSMainThread: 0x14e804100>{number = 1, name = main}
Please file a bug at https://feedbackassistant.apple.com with this warning message and any useful information you can provide.
2023-11-29 19:32:50.214 xcodebuild[66788:26506034] [MT] DVTAssertions: Warning in /System/Volumes/Data/SWE/Apps/DT/BuildRoots/BuildRoot11/ActiveBuildRoot/Library/Caches/com.apple.xbs/Sources/IDEFrameworks/IDEFrameworks-22267/IDEFoundation/Provisioning/Capabilities Infrastructure/IDECapabilityQuerySelection.swift:103
Details:  createItemModels creation requirements should not create capability item model for a capability item model that already exists.
Function: createItemModels(for:itemModelSource:)
Thread:   <_NSMainThread: 0x14e804100>{number = 1, name = main}
Please file a bug at https://feedbackassistant.apple.com with this warning message and any useful information you can provide.
2023-11-29 19:32:50.214 xcodebuild[66788:26506034] [MT] DVTAssertions: Warning in /System/Volumes/Data/SWE/Apps/DT/BuildRoots/BuildRoot11/ActiveBuildRoot/Library/Caches/com.apple.xbs/Sources/IDEFrameworks/IDEFrameworks-22267/IDEFoundation/Provisioning/Capabilities Infrastructure/IDECapabilityQuerySelection.swift:103
Details:  createItemModels creation requirements should not create capability item model for a capability item model that already exists.
Function: createItemModels(for:itemModelSource:)
Thread:   <_NSMainThread: 0x14e804100>{number = 1, name = main}
Please file a bug at https://feedbackassistant.apple.com with this warning message and any useful information you can provide.
2023-11-29 19:32:50.214 xcodebuild[66788:26506034] [MT] DVTAssertions: Warning in /System/Volumes/Data/SWE/Apps/DT/BuildRoots/BuildRoot11/ActiveBuildRoot/Library/Caches/com.apple.xbs/Sources/IDEFrameworks/IDEFrameworks-22267/IDEFoundation/Provisioning/Capabilities Infrastructure/IDECapabilityQuerySelection.swift:103
Details:  createItemModels creation requirements should not create capability item model for a capability item model that already exists.
Function: createItemModels(for:itemModelSource:)
Thread:   <_NSMainThread: 0x14e804100>{number = 1, name = main}
Please file a bug at https://feedbackassistant.apple.com with this warning message and any useful information you can provide.
2023-11-29 19:32:50.223 xcodebuild[66788:26506034] [MT] DVTAssertions: Warning in /System/Volumes/Data/SWE/Apps/DT/BuildRoots/BuildRoot11/ActiveBuildRoot/Library/Caches/com.apple.xbs/Sources/IDEFrameworks/IDEFrameworks-22267/IDEFoundation/Provisioning/Capabilities Infrastructure/IDECapabilityQuerySelection.swift:103
Details:  createItemModels creation requirements should not create capability item model for a capability item model that already exists.
Function: createItemModels(for:itemModelSource:)
Thread:   <_NSMainThread: 0x14e804100>{number = 1, name = main}
Please file a bug at https://feedbackassistant.apple.com with this warning message and any useful information you can provide.
2023-11-29 19:32:50.223 xcodebuild[66788:26506034] [MT] DVTAssertions: Warning in /System/Volumes/Data/SWE/Apps/DT/BuildRoots/BuildRoot11/ActiveBuildRoot/Library/Caches/com.apple.xbs/Sources/IDEFrameworks/IDEFrameworks-22267/IDEFoundation/Provisioning/Capabilities Infrastructure/IDECapabilityQuerySelection.swift:103
Details:  createItemModels creation requirements should not create capability item model for a capability item model that already exists.
Function: createItemModels(for:itemModelSource:)
Thread:   <_NSMainThread: 0x14e804100>{number = 1, name = main}
Please file a bug at https://feedbackassistant.apple.com with this warning message and any useful information you can provide.
2023-11-29 19:32:50.223 xcodebuild[66788:26506034] [MT] DVTAssertions: Warning in /System/Volumes/Data/SWE/Apps/DT/BuildRoots/BuildRoot11/ActiveBuildRoot/Library/Caches/com.apple.xbs/Sources/IDEFrameworks/IDEFrameworks-22267/IDEFoundation/Provisioning/Capabilities Infrastructure/IDECapabilityQuerySelection.swift:103
Details:  createItemModels creation requirements should not create capability item model for a capability item model that already exists.
Function: createItemModels(for:itemModelSource:)
Thread:   <_NSMainThread: 0x14e804100>{number = 1, name = main}
Please file a bug at https://feedbackassistant.apple.com with this warning message and any useful information you can provide.
2023-11-29 19:32:50.223 xcodebuild[66788:26506034] [MT] DVTAssertions: Warning in /System/Volumes/Data/SWE/Apps/DT/BuildRoots/BuildRoot11/ActiveBuildRoot/Library/Caches/com.apple.xbs/Sources/IDEFrameworks/IDEFrameworks-22267/IDEFoundation/Provisioning/Capabilities Infrastructure/IDECapabilityQuerySelection.swift:103
Details:  createItemModels creation requirements should not create capability item model for a capability item model that already exists.
Function: createItemModels(for:itemModelSource:)
Thread:   <_NSMainThread: 0x14e804100>{number = 1, name = main}
Please file a bug at https://feedbackassistant.apple.com with this warning message and any useful information you can provide.
2023-11-29 19:32:50.223 xcodebuild[66788:26506034] [MT] DVTAssertions: Warning in /System/Volumes/Data/SWE/Apps/DT/BuildRoots/BuildRoot11/ActiveBuildRoot/Library/Caches/com.apple.xbs/Sources/IDEFrameworks/IDEFrameworks-22267/IDEFoundation/Provisioning/Capabilities Infrastructure/IDECapabilityQuerySelection.swift:103
Details:  createItemModels creation requirements should not create capability item model for a capability item model that already exists.
Function: createItemModels(for:itemModelSource:)
Thread:   <_NSMainThread: 0x14e804100>{number = 1, name = main}
Please file a bug at https://feedbackassistant.apple.com with this warning message and any useful information you can provide.
2023-11-29 19:32:50.223 xcodebuild[66788:26506034] [MT] DVTAssertions: Warning in /System/Volumes/Data/SWE/Apps/DT/BuildRoots/BuildRoot11/ActiveBuildRoot/Library/Caches/com.apple.xbs/Sources/IDEFrameworks/IDEFrameworks-22267/IDEFoundation/Provisioning/Capabilities Infrastructure/IDECapabilityQuerySelection.swift:103
Details:  createItemModels creation requirements should not create capability item model for a capability item model that already exists.
Function: createItemModels(for:itemModelSource:)
Thread:   <_NSMainThread: 0x14e804100>{number = 1, name = main}
Please file a bug at https://feedbackassistant.apple.com with this warning message and any useful information you can provide.
2023-11-29 19:32:50.223 xcodebuild[66788:26506034] [MT] DVTAssertions: Warning in /System/Volumes/Data/SWE/Apps/DT/BuildRoots/BuildRoot11/ActiveBuildRoot/Library/Caches/com.apple.xbs/Sources/IDEFrameworks/IDEFrameworks-22267/IDEFoundation/Provisioning/Capabilities Infrastructure/IDECapabilityQuerySelection.swift:103
Details:  createItemModels creation requirements should not create capability item model for a capability item model that already exists.
Function: createItemModels(for:itemModelSource:)
Thread:   <_NSMainThread: 0x14e804100>{number = 1, name = main}
Please file a bug at https://feedbackassistant.apple.com with this warning message and any useful information you can provide.
2023-11-29 19:32:50.223 xcodebuild[66788:26506034] [MT] DVTAssertions: Warning in /System/Volumes/Data/SWE/Apps/DT/BuildRoots/BuildRoot11/ActiveBuildRoot/Library/Caches/com.apple.xbs/Sources/IDEFrameworks/IDEFrameworks-22267/IDEFoundation/Provisioning/Capabilities Infrastructure/IDECapabilityQuerySelection.swift:103
Details:  createItemModels creation requirements should not create capability item model for a capability item model that already exists.
Function: createItemModels(for:itemModelSource:)
Thread:   <_NSMainThread: 0x14e804100>{number = 1, name = main}
Please file a bug at https://feedbackassistant.apple.com with this warning message and any useful information you can provide.
2023-11-29 19:32:50.223 xcodebuild[66788:26506034] [MT] DVTAssertions: Warning in /System/Volumes/Data/SWE/Apps/DT/BuildRoots/BuildRoot11/ActiveBuildRoot/Library/Caches/com.apple.xbs/Sources/IDEFrameworks/IDEFrameworks-22267/IDEFoundation/Provisioning/Capabilities Infrastructure/IDECapabilityQuerySelection.swift:103
Details:  createItemModels creation requirements should not create capability item model for a capability item model that already exists.
Function: createItemModels(for:itemModelSource:)
Thread:   <_NSMainThread: 0x14e804100>{number = 1, name = main}
Please file a bug at https://feedbackassistant.apple.com with this warning message and any useful information you can provide.
2023-11-29 19:32:50.223 xcodebuild[66788:26506034] [MT] DVTAssertions: Warning in /System/Volumes/Data/SWE/Apps/DT/BuildRoots/BuildRoot11/ActiveBuildRoot/Library/Caches/com.apple.xbs/Sources/IDEFrameworks/IDEFrameworks-22267/IDEFoundation/Provisioning/Capabilities Infrastructure/IDECapabilityQuerySelection.swift:103
Details:  createItemModels creation requirements should not create capability item model for a capability item model that already exists.
Function: createItemModels(for:itemModelSource:)
Thread:   <_NSMainThread: 0x14e804100>{number = 1, name = main}
Please file a bug at https://feedbackassistant.apple.com with this warning message and any useful information you can provide.
2023-11-29 19:32:50.223 xcodebuild[66788:26506034] [MT] DVTAssertions: Warning in /System/Volumes/Data/SWE/Apps/DT/BuildRoots/BuildRoot11/ActiveBuildRoot/Library/Caches/com.apple.xbs/Sources/IDEFrameworks/IDEFrameworks-22267/IDEFoundation/Provisioning/Capabilities Infrastructure/IDECapabilityQuerySelection.swift:103
Details:  createItemModels creation requirements should not create capability item model for a capability item model that already exists.
Function: createItemModels(for:itemModelSource:)
Thread:   <_NSMainThread: 0x14e804100>{number = 1, name = main}
Please file a bug at https://feedbackassistant.apple.com with this warning message and any useful information you can provide.
2023-11-29 19:32:50.223 xcodebuild[66788:26506034] [MT] DVTAssertions: Warning in /System/Volumes/Data/SWE/Apps/DT/BuildRoots/BuildRoot11/ActiveBuildRoot/Library/Caches/com.apple.xbs/Sources/IDEFrameworks/IDEFrameworks-22267/IDEFoundation/Provisioning/Capabilities Infrastructure/IDECapabilityQuerySelection.swift:103
Details:  createItemModels creation requirements should not create capability item model for a capability item model that already exists.
Function: createItemModels(for:itemModelSource:)
Thread:   <_NSMainThread: 0x14e804100>{number = 1, name = main}
Please file a bug at https://feedbackassistant.apple.com with this warning message and any useful information you can provide.
2023-11-29 19:32:50.223 xcodebuild[66788:26506034] [MT] DVTAssertions: Warning in /System/Volumes/Data/SWE/Apps/DT/BuildRoots/BuildRoot11/ActiveBuildRoot/Library/Caches/com.apple.xbs/Sources/IDEFrameworks/IDEFrameworks-22267/IDEFoundation/Provisioning/Capabilities Infrastructure/IDECapabilityQuerySelection.swift:103
Details:  createItemModels creation requirements should not create capability item model for a capability item model that already exists.
Function: createItemModels(for:itemModelSource:)
Thread:   <_NSMainThread: 0x14e804100>{number = 1, name = main}
Please file a bug at https://feedbackassistant.apple.com with this warning message and any useful information you can provide.
2023-11-29 19:32:50.224 xcodebuild[66788:26506034] [MT] DVTAssertions: Warning in /System/Volumes/Data/SWE/Apps/DT/BuildRoots/BuildRoot11/ActiveBuildRoot/Library/Caches/com.apple.xbs/Sources/IDEFrameworks/IDEFrameworks-22267/IDEFoundation/Provisioning/Capabilities Infrastructure/IDECapabilityQuerySelection.swift:103
Details:  createItemModels creation requirements should not create capability item model for a capability item model that already exists.
Function: createItemModels(for:itemModelSource:)
Thread:   <_NSMainThread: 0x14e804100>{number = 1, name = main}
Please file a bug at https://feedbackassistant.apple.com with this warning message and any useful information you can provide.
2023-11-29 19:32:50.224 xcodebuild[66788:26506034] [MT] DVTAssertions: Warning in /System/Volumes/Data/SWE/Apps/DT/BuildRoots/BuildRoot11/ActiveBuildRoot/Library/Caches/com.apple.xbs/Sources/IDEFrameworks/IDEFrameworks-22267/IDEFoundation/Provisioning/Capabilities Infrastructure/IDECapabilityQuerySelection.swift:103
Details:  createItemModels creation requirements should not create capability item model for a capability item model that already exists.
Function: createItemModels(for:itemModelSource:)
Thread:   <_NSMainThread: 0x14e804100>{number = 1, name = main}
Please file a bug at https://feedbackassistant.apple.com with this warning message and any useful information you can provide.
2023-11-29 19:32:50.224 xcodebuild[66788:26506034] [MT] DVTAssertions: Warning in /System/Volumes/Data/SWE/Apps/DT/BuildRoots/BuildRoot11/ActiveBuildRoot/Library/Caches/com.apple.xbs/Sources/IDEFrameworks/IDEFrameworks-22267/IDEFoundation/Provisioning/Capabilities Infrastructure/IDECapabilityQuerySelection.swift:103
Details:  createItemModels creation requirements should not create capability item model for a capability item model that already exists.
Function: createItemModels(for:itemModelSource:)
Thread:   <_NSMainThread: 0x14e804100>{number = 1, name = main}
Please file a bug at https://feedbackassistant.apple.com with this warning message and any useful information you can provide.
2023-11-29 19:32:50.224 xcodebuild[66788:26506034] [MT] DVTAssertions: Warning in /System/Volumes/Data/SWE/Apps/DT/BuildRoots/BuildRoot11/ActiveBuildRoot/Library/Caches/com.apple.xbs/Sources/IDEFrameworks/IDEFrameworks-22267/IDEFoundation/Provisioning/Capabilities Infrastructure/IDECapabilityQuerySelection.swift:103
Details:  createItemModels creation requirements should not create capability item model for a capability item model that already exists.
Function: createItemModels(for:itemModelSource:)
Thread:   <_NSMainThread: 0x14e804100>{number = 1, name = main}
Please file a bug at https://feedbackassistant.apple.com with this warning message and any useful information you can provide.
2023-11-29 19:32:50.224 xcodebuild[66788:26506034] [MT] DVTAssertions: Warning in /System/Volumes/Data/SWE/Apps/DT/BuildRoots/BuildRoot11/ActiveBuildRoot/Library/Caches/com.apple.xbs/Sources/IDEFrameworks/IDEFrameworks-22267/IDEFoundation/Provisioning/Capabilities Infrastructure/IDECapabilityQuerySelection.swift:103
Details:  createItemModels creation requirements should not create capability item model for a capability item model that already exists.
Function: createItemModels(for:itemModelSource:)
Thread:   <_NSMainThread: 0x14e804100>{number = 1, name = main}
Please file a bug at https://feedbackassistant.apple.com with this warning message and any useful information you can provide.
2023-11-29 19:32:50.224 xcodebuild[66788:26506034] [MT] DVTAssertions: Warning in /System/Volumes/Data/SWE/Apps/DT/BuildRoots/BuildRoot11/ActiveBuildRoot/Library/Caches/com.apple.xbs/Sources/IDEFrameworks/IDEFrameworks-22267/IDEFoundation/Provisioning/Capabilities Infrastructure/IDECapabilityQuerySelection.swift:103
Details:  createItemModels creation requirements should not create capability item model for a capability item model that already exists.
Function: createItemModels(for:itemModelSource:)
Thread:   <_NSMainThread: 0x14e804100>{number = 1, name = main}
Please file a bug at https://feedbackassistant.apple.com with this warning message and any useful information you can provide.
2023-11-29 19:32:50.224 xcodebuild[66788:26506034] [MT] DVTAssertions: Warning in /System/Volumes/Data/SWE/Apps/DT/BuildRoots/BuildRoot11/ActiveBuildRoot/Library/Caches/com.apple.xbs/Sources/IDEFrameworks/IDEFrameworks-22267/IDEFoundation/Provisioning/Capabilities Infrastructure/IDECapabilityQuerySelection.swift:103
Details:  createItemModels creation requirements should not create capability item model for a capability item model that already exists.
Function: createItemModels(for:itemModelSource:)
Thread:   <_NSMainThread: 0x14e804100>{number = 1, name = main}
Please file a bug at https://feedbackassistant.apple.com with this warning message and any useful information you can provide.
2023-11-29 19:32:50.224 xcodebuild[66788:26506034] [MT] DVTAssertions: Warning in /System/Volumes/Data/SWE/Apps/DT/BuildRoots/BuildRoot11/ActiveBuildRoot/Library/Caches/com.apple.xbs/Sources/IDEFrameworks/IDEFrameworks-22267/IDEFoundation/Provisioning/Capabilities Infrastructure/IDECapabilityQuerySelection.swift:103
Details:  createItemModels creation requirements should not create capability item model for a capability item model that already exists.
Function: createItemModels(for:itemModelSource:)
Thread:   <_NSMainThread: 0x14e804100>{number = 1, name = main}
Please file a bug at https://feedbackassistant.apple.com with this warning message and any useful information you can provide.
2023-11-29 19:32:50.224 xcodebuild[66788:26506034] [MT] DVTAssertions: Warning in /System/Volumes/Data/SWE/Apps/DT/BuildRoots/BuildRoot11/ActiveBuildRoot/Library/Caches/com.apple.xbs/Sources/IDEFrameworks/IDEFrameworks-22267/IDEFoundation/Provisioning/Capabilities Infrastructure/IDECapabilityQuerySelection.swift:103
Details:  createItemModels creation requirements should not create capability item model for a capability item model that already exists.
Function: createItemModels(for:itemModelSource:)
Thread:   <_NSMainThread: 0x14e804100>{number = 1, name = main}
Please file a bug at https://feedbackassistant.apple.com with this warning message and any useful information you can provide.
2023-11-29 19:32:50.224 xcodebuild[66788:26506034] [MT] DVTAssertions: Warning in /System/Volumes/Data/SWE/Apps/DT/BuildRoots/BuildRoot11/ActiveBuildRoot/Library/Caches/com.apple.xbs/Sources/IDEFrameworks/IDEFrameworks-22267/IDEFoundation/Provisioning/Capabilities Infrastructure/IDECapabilityQuerySelection.swift:103
Details:  createItemModels creation requirements should not create capability item model for a capability item model that already exists.
Function: createItemModels(for:itemModelSource:)
Thread:   <_NSMainThread: 0x14e804100>{number = 1, name = main}
Please file a bug at https://feedbackassistant.apple.com with this warning message and any useful information you can provide.
2023-11-29 19:32:50.224 xcodebuild[66788:26506034] [MT] DVTAssertions: Warning in /System/Volumes/Data/SWE/Apps/DT/BuildRoots/BuildRoot11/ActiveBuildRoot/Library/Caches/com.apple.xbs/Sources/IDEFrameworks/IDEFrameworks-22267/IDEFoundation/Provisioning/Capabilities Infrastructure/IDECapabilityQuerySelection.swift:103
Details:  createItemModels creation requirements should not create capability item model for a capability item model that already exists.
Function: createItemModels(for:itemModelSource:)
Thread:   <_NSMainThread: 0x14e804100>{number = 1, name = main}
Please file a bug at https://feedbackassistant.apple.com with this warning message and any useful information you can provide.
2023-11-29 19:32:50.224 xcodebuild[66788:26506034] [MT] DVTAssertions: Warning in /System/Volumes/Data/SWE/Apps/DT/BuildRoots/BuildRoot11/ActiveBuildRoot/Library/Caches/com.apple.xbs/Sources/IDEFrameworks/IDEFrameworks-22267/IDEFoundation/Provisioning/Capabilities Infrastructure/IDECapabilityQuerySelection.swift:103
Details:  createItemModels creation requirements should not create capability item model for a capability item model that already exists.
Function: createItemModels(for:itemModelSource:)
Thread:   <_NSMainThread: 0x14e804100>{number = 1, name = main}
Please file a bug at https://feedbackassistant.apple.com with this warning message and any useful information you can provide.
2023-11-29 19:32:50.224 xcodebuild[66788:26506034] [MT] DVTAssertions: Warning in /System/Volumes/Data/SWE/Apps/DT/BuildRoots/BuildRoot11/ActiveBuildRoot/Library/Caches/com.apple.xbs/Sources/IDEFrameworks/IDEFrameworks-22267/IDEFoundation/Provisioning/Capabilities Infrastructure/IDECapabilityQuerySelection.swift:103
Details:  createItemModels creation requirements should not create capability item model for a capability item model that already exists.
Function: createItemModels(for:itemModelSource:)
Thread:   <_NSMainThread: 0x14e804100>{number = 1, name = main}
Please file a bug at https://feedbackassistant.apple.com with this warning message and any useful information you can provide.
2023-11-29 19:32:50.224 xcodebuild[66788:26506034] [MT] DVTAssertions: Warning in /System/Volumes/Data/SWE/Apps/DT/BuildRoots/BuildRoot11/ActiveBuildRoot/Library/Caches/com.apple.xbs/Sources/IDEFrameworks/IDEFrameworks-22267/IDEFoundation/Provisioning/Capabilities Infrastructure/IDECapabilityQuerySelection.swift:103
Details:  createItemModels creation requirements should not create capability item model for a capability item model that already exists.
Function: createItemModels(for:itemModelSource:)
Thread:   <_NSMainThread: 0x14e804100>{number = 1, name = main}
Please file a bug at https://feedbackassistant.apple.com with this warning message and any useful information you can provide.
2023-11-29 19:32:50.224 xcodebuild[66788:26506034] [MT] DVTAssertions: Warning in /System/Volumes/Data/SWE/Apps/DT/BuildRoots/BuildRoot11/ActiveBuildRoot/Library/Caches/com.apple.xbs/Sources/IDEFrameworks/IDEFrameworks-22267/IDEFoundation/Provisioning/Capabilities Infrastructure/IDECapabilityQuerySelection.swift:103
Details:  createItemModels creation requirements should not create capability item model for a capability item model that already exists.
Function: createItemModels(for:itemModelSource:)
Thread:   <_NSMainThread: 0x14e804100>{number = 1, name = main}
Please file a bug at https://feedbackassistant.apple.com with this warning message and any useful information you can provide.
2023-11-29 19:32:50.224 xcodebuild[66788:26506034] [MT] DVTAssertions: Warning in /System/Volumes/Data/SWE/Apps/DT/BuildRoots/BuildRoot11/ActiveBuildRoot/Library/Caches/com.apple.xbs/Sources/IDEFrameworks/IDEFrameworks-22267/IDEFoundation/Provisioning/Capabilities Infrastructure/IDECapabilityQuerySelection.swift:103
Details:  createItemModels creation requirements should not create capability item model for a capability item model that already exists.
Function: createItemModels(for:itemModelSource:)
Thread:   <_NSMainThread: 0x14e804100>{number = 1, name = main}
Please file a bug at https://feedbackassistant.apple.com with this warning message and any useful information you can provide.
2023-11-29 19:32:50.224 xcodebuild[66788:26506034] [MT] DVTAssertions: Warning in /System/Volumes/Data/SWE/Apps/DT/BuildRoots/BuildRoot11/ActiveBuildRoot/Library/Caches/com.apple.xbs/Sources/IDEFrameworks/IDEFrameworks-22267/IDEFoundation/Provisioning/Capabilities Infrastructure/IDECapabilityQuerySelection.swift:103
Details:  createItemModels creation requirements should not create capability item model for a capability item model that already exists.
Function: createItemModels(for:itemModelSource:)
Thread:   <_NSMainThread: 0x14e804100>{number = 1, name = main}
Please file a bug at https://feedbackassistant.apple.com with this warning message and any useful information you can provide.
2023-11-29 19:32:50.224 xcodebuild[66788:26506034] [MT] DVTAssertions: Warning in /System/Volumes/Data/SWE/Apps/DT/BuildRoots/BuildRoot11/ActiveBuildRoot/Library/Caches/com.apple.xbs/Sources/IDEFrameworks/IDEFrameworks-22267/IDEFoundation/Provisioning/Capabilities Infrastructure/IDECapabilityQuerySelection.swift:103
Details:  createItemModels creation requirements should not create capability item model for a capability item model that already exists.
Function: createItemModels(for:itemModelSource:)
Thread:   <_NSMainThread: 0x14e804100>{number = 1, name = main}
Please file a bug at https://feedbackassistant.apple.com with this warning message and any useful information you can provide.
2023-11-29 19:32:50.224 xcodebuild[66788:26506034] [MT] DVTAssertions: Warning in /System/Volumes/Data/SWE/Apps/DT/BuildRoots/BuildRoot11/ActiveBuildRoot/Library/Caches/com.apple.xbs/Sources/IDEFrameworks/IDEFrameworks-22267/IDEFoundation/Provisioning/Capabilities Infrastructure/IDECapabilityQuerySelection.swift:103
Details:  createItemModels creation requirements should not create capability item model for a capability item model that already exists.
Function: createItemModels(for:itemModelSource:)
Thread:   <_NSMainThread: 0x14e804100>{number = 1, name = main}
Please file a bug at https://feedbackassistant.apple.com with this warning message and any useful information you can provide.
